[2024-03-26 17:13:51,356][root][INFO] - data_check - {"label_num": 0, "data_size": 0}
[2024-03-26 17:13:51,356][__main__][INFO] - data loaded
[2024-03-26 17:13:51,361][root][INFO] - init model_type: Pytorch
[2024-03-26 17:15:13,509][root][INFO] - bulid model
[2024-03-26 17:15:13,509][root][INFO] - FL start
[2024-03-26 17:15:13,519][fedops.client.client_api][INFO] - FL_server_IP:port - ccl.gachon.ac.kr:40021
[2024-03-26 17:15:13,520][root][INFO] - FL learning ready
[2024-03-26 17:15:13,520][root][INFO] - fl_task_id: ppibayesian
[2024-03-26 17:15:13,520][root][INFO] - dataset: christdata
[2024-03-26 17:15:13,521][root][INFO] - output_size: 1
[2024-03-26 17:15:13,521][root][INFO] - validation_split: 0.2
[2024-03-26 17:15:13,521][root][INFO] - model_type: Pytorch
[2024-03-26 17:15:13,521][root][INFO] - label_values: [[0, 0]]
[2024-03-26 17:15:13,533][flwr][INFO] - Opened insecure gRPC connection (no certificates were passed)
[2024-03-26 17:15:13,536][flwr][DEBUG] - ChannelConnectivity.IDLE
[2024-03-26 17:15:13,537][flwr][DEBUG] - ChannelConnectivity.CONNECTING
[2024-03-26 17:15:13,544][flwr][DEBUG] - ChannelConnectivity.READY
[2024-03-26 17:15:22,814][fedops.client.client_fl][INFO] - train_performance - {"fl_task_id": "ppibayesian", "client_mac": "f0:2f:74:96:d6:64", "client_name": "ccl-y-server", "round": 1, "gl_model_v": 1, "train_loss": 0.8734546502431234, "train_accuracy": 54.39093484419264, "train_auc_score": 0.5328370816175694, "val_loss": 0.8604513704776764, "val_accuracy": 58.42696629213483, "val_auc_score": 0.5408496732026145, "train_time": 9.226822853088379, "wandb_name": ""}
[2024-03-26 17:15:23,075][fedops.client.client_fl][INFO] - test - {"fl_task_id": "ppibayesian", "client_mac": "f0:2f:74:96:d6:64", "client_name": "ccl-y-server", "round": 1, "test_loss": 0.8685513436794281, "test_accuracy": 52.25225225225225, "gl_model_v": 1, "wandb_name": ""}
[2024-03-26 17:15:29,777][fedops.client.client_fl][INFO] - train_performance - {"fl_task_id": "ppibayesian", "client_mac": "f0:2f:74:96:d6:64", "client_name": "ccl-y-server", "round": 2, "gl_model_v": 1, "train_loss": 0.8810652991135915, "train_accuracy": 45.3257790368272, "train_auc_score": 0.5529247175588639, "val_loss": 0.8733693957328796, "val_accuracy": 48.31460674157304, "val_auc_score": 0.47834967320261446, "train_time": 6.648488521575928, "wandb_name": ""}
[2024-03-26 17:15:30,053][fedops.client.client_fl][INFO] - test - {"fl_task_id": "ppibayesian", "client_mac": "f0:2f:74:96:d6:64", "client_name": "ccl-y-server", "round": 2, "test_loss": 0.8821225166320801, "test_accuracy": 45.04504504504504, "gl_model_v": 1, "wandb_name": ""}
[2024-03-26 17:15:36,569][fedops.client.client_fl][INFO] - train_performance - {"fl_task_id": "ppibayesian", "client_mac": "f0:2f:74:96:d6:64", "client_name": "ccl-y-server", "round": 3, "gl_model_v": 1, "train_loss": 0.7422831853230795, "train_accuracy": 84.13597733711048, "train_auc_score": 0.5990919649456234, "val_loss": 0.7365890145301819, "val_accuracy": 83.14606741573034, "val_auc_score": 0.5588235294117647, "train_time": 6.466298580169678, "wandb_name": ""}
[2024-03-26 17:15:36,847][fedops.client.client_fl][INFO] - test - {"fl_task_id": "ppibayesian", "client_mac": "f0:2f:74:96:d6:64", "client_name": "ccl-y-server", "round": 3, "test_loss": 0.7511275708675385, "test_accuracy": 81.08108108108108, "gl_model_v": 1, "wandb_name": ""}
[2024-03-26 17:15:43,448][fedops.client.client_fl][INFO] - train_performance - {"fl_task_id": "ppibayesian", "client_mac": "f0:2f:74:96:d6:64", "client_name": "ccl-y-server", "round": 4, "gl_model_v": 1, "train_loss": 0.7408347427845001, "train_accuracy": 84.70254957507082, "train_auc_score": 0.6900802449582938, "val_loss": 0.7380541861057281, "val_accuracy": 87.64044943820225, "val_auc_score": 0.7438725490196078, "train_time": 6.571145296096802, "wandb_name": ""}
[2024-03-26 17:15:43,671][fedops.client.client_fl][INFO] - test - {"fl_task_id": "ppibayesian", "client_mac": "f0:2f:74:96:d6:64", "client_name": "ccl-y-server", "round": 4, "test_loss": 0.7555617094039917, "test_accuracy": 80.18018018018019, "gl_model_v": 1, "wandb_name": ""}
[2024-03-26 17:15:50,164][fedops.client.client_fl][INFO] - train_performance - {"fl_task_id": "ppibayesian", "client_mac": "f0:2f:74:96:d6:64", "client_name": "ccl-y-server", "round": 5, "gl_model_v": 1, "train_loss": 0.7323177556196848, "train_accuracy": 84.70254957507082, "train_auc_score": 0.666745855770246, "val_loss": 0.7263190746307373, "val_accuracy": 87.64044943820225, "val_auc_score": 0.7214052287581699, "train_time": 6.450596809387207, "wandb_name": ""}
[2024-03-26 17:15:50,995][fedops.client.client_fl][INFO] - test - {"fl_task_id": "ppibayesian", "client_mac": "f0:2f:74:96:d6:64", "client_name": "ccl-y-server", "round": 5, "test_loss": 0.7455790638923645, "test_accuracy": 81.08108108108108, "gl_model_v": 1, "wandb_name": ""}
[2024-03-26 17:15:57,680][fedops.client.client_fl][INFO] - train_performance - {"fl_task_id": "ppibayesian", "client_mac": "f0:2f:74:96:d6:64", "client_name": "ccl-y-server", "round": 6, "gl_model_v": 1, "train_loss": 0.7210940420627594, "train_accuracy": 81.86968838526913, "train_auc_score": 0.6726586421708373, "val_loss": 0.7137377858161926, "val_accuracy": 78.65168539325843, "val_auc_score": 0.5535130718954249, "train_time": 6.626262426376343, "wandb_name": ""}
[2024-03-26 17:15:58,285][fedops.client.client_fl][INFO] - test - {"fl_task_id": "ppibayesian", "client_mac": "f0:2f:74:96:d6:64", "client_name": "ccl-y-server", "round": 6, "test_loss": 0.738883763551712, "test_accuracy": 77.47747747747748, "gl_model_v": 1, "wandb_name": ""}
[2024-03-26 17:16:04,899][fedops.client.client_fl][INFO] - train_performance - {"fl_task_id": "ppibayesian", "client_mac": "f0:2f:74:96:d6:64", "client_name": "ccl-y-server", "round": 7, "gl_model_v": 1, "train_loss": 0.7399519284566244, "train_accuracy": 82.43626062322946, "train_auc_score": 0.6936437546193644, "val_loss": 0.7341813445091248, "val_accuracy": 85.39325842696628, "val_auc_score": 0.7075163398692811, "train_time": 6.554680585861206, "wandb_name": ""}
[2024-03-26 17:16:05,793][fedops.client.client_fl][INFO] - test - {"fl_task_id": "ppibayesian", "client_mac": "f0:2f:74:96:d6:64", "client_name": "ccl-y-server", "round": 7, "test_loss": 0.7598303854465485, "test_accuracy": 76.57657657657657, "gl_model_v": 1, "wandb_name": ""}
[2024-03-26 17:16:12,651][fedops.client.client_fl][INFO] - train_performance - {"fl_task_id": "ppibayesian", "client_mac": "f0:2f:74:96:d6:64", "client_name": "ccl-y-server", "round": 8, "gl_model_v": 1, "train_loss": 0.7380046447118124, "train_accuracy": 85.55240793201133, "train_auc_score": 0.7769770879526976, "val_loss": 0.7311238646507263, "val_accuracy": 85.39325842696628, "val_auc_score": 0.729983660130719, "train_time": 6.796292543411255, "wandb_name": ""}
[2024-03-26 17:16:13,038][fedops.client.client_fl][INFO] - test - {"fl_task_id": "ppibayesian", "client_mac": "f0:2f:74:96:d6:64", "client_name": "ccl-y-server", "round": 8, "test_loss": 0.755390852689743, "test_accuracy": 78.37837837837837, "gl_model_v": 1, "wandb_name": ""}
[2024-03-26 17:16:19,564][fedops.client.client_fl][INFO] - train_performance - {"fl_task_id": "ppibayesian", "client_mac": "f0:2f:74:96:d6:64", "client_name": "ccl-y-server", "round": 9, "gl_model_v": 1, "train_loss": 0.7391775051752726, "train_accuracy": 84.70254957507082, "train_auc_score": 0.7075810368493295, "val_loss": 0.7323684692382812, "val_accuracy": 87.64044943820225, "val_auc_score": 0.7663398692810458, "train_time": 6.456288814544678, "wandb_name": ""}
[2024-03-26 17:16:20,423][fedops.client.client_fl][INFO] - test - {"fl_task_id": "ppibayesian", "client_mac": "f0:2f:74:96:d6:64", "client_name": "ccl-y-server", "round": 9, "test_loss": 0.7554739117622375, "test_accuracy": 76.57657657657657, "gl_model_v": 1, "wandb_name": ""}
[2024-03-26 17:16:27,087][fedops.client.client_fl][INFO] - train_performance - {"fl_task_id": "ppibayesian", "client_mac": "f0:2f:74:96:d6:64", "client_name": "ccl-y-server", "round": 10, "gl_model_v": 1, "train_loss": 0.7337063848972321, "train_accuracy": 88.38526912181302, "train_auc_score": 0.7768978988491183, "val_loss": 0.7342615723609924, "val_accuracy": 84.26966292134831, "val_auc_score": 0.7230392156862745, "train_time": 6.620999574661255, "wandb_name": ""}
[2024-03-26 17:16:27,811][fedops.client.client_fl][INFO] - test - {"fl_task_id": "ppibayesian", "client_mac": "f0:2f:74:96:d6:64", "client_name": "ccl-y-server", "round": 10, "test_loss": 0.7522221803665161, "test_accuracy": 78.37837837837837, "gl_model_v": 1, "wandb_name": ""}
[2024-03-26 17:16:27,859][flwr][DEBUG] - gRPC channel closed
[2024-03-26 17:16:27,860][flwr][INFO] - Disconnect and shut down
[2024-03-26 17:16:27,860][root][INFO] - fl learning finished
[2024-03-26 17:16:27,861][root][INFO] - client_operation_time - {"fl_task_id": "ppibayesian", "client_mac": "f0:2f:74:96:d6:64", "client_name": "ccl-y-server", "operation_time": 74.3401129245758, "gl_model_v": 1}
[2024-03-26 17:16:27,876][root][INFO] - try notify_fin
[2024-03-26 17:16:27,894][root][INFO] - trainFin
[2024-03-26 17:16:27,894][root][INFO] - FL Client Learning Finish
[2024-03-26 17:17:30,374][root][INFO] - ccl-y-server;f0:2f:74:96:d6:64-client close
