[2023-12-28 17:44:48,864][root][INFO] - data_check - {"label_num": 0, "data_size": 0}
[2023-12-28 17:44:48,865][__main__][INFO] - data loaded
[2023-12-28 17:44:48,871][root][INFO] - init model_type: Pytorch
[2023-12-28 17:46:12,510][root][INFO] - bulid model
[2023-12-28 17:46:12,510][root][INFO] - FL start
[2023-12-28 17:46:12,522][fedops.client.client_api][INFO] - FL_server_IP:port - ccl.gachon.ac.kr:40021
[2023-12-28 17:46:12,523][root][INFO] - FL learning ready
[2023-12-28 17:46:12,523][root][INFO] - fl_task_id: ppimodel
[2023-12-28 17:46:12,523][root][INFO] - dataset: ChristHPdata
[2023-12-28 17:46:12,523][root][INFO] - output_size: 1
[2023-12-28 17:46:12,523][root][INFO] - validation_split: 0.2
[2023-12-28 17:46:12,523][root][INFO] - model_type: Pytorch
[2023-12-28 17:46:12,524][root][INFO] - label_values: [[0, 0]]
[2023-12-28 17:46:12,540][flwr][INFO] - Opened insecure gRPC connection (no certificates were passed)
[2023-12-28 17:46:12,543][flwr][DEBUG] - ChannelConnectivity.IDLE
[2023-12-28 17:46:12,545][flwr][DEBUG] - ChannelConnectivity.CONNECTING
[2023-12-28 17:46:12,551][flwr][DEBUG] - ChannelConnectivity.READY
[2023-12-28 17:46:13,566][flwr][DEBUG] - gRPC channel closed
[2023-12-28 17:46:13,578][root][INFO] - notify_fail start
[2023-12-28 17:46:13,598][root][ERROR] - trainFin
